CREATE EXTENSION IF NOT EXISTS pg_search;
DROP TABLE IF EXISTS tbl_inet;
CREATE TABLE tbl_inet (ip inet);
CREATE INDEX idx_inet ON tbl_inet USING bm25 (ip) WITH (key_field = 'ip');
INSERT INTO tbl_inet (ip) VALUES ('192.168.0.1');
SELECT count(*) FROM tbl_inet WHERE ip @@@ '192.168.0.1';
 count 
-------
     1
(1 row)

EXPLAIN SELECT count(*) FROM tbl_inet WHERE ip @@@ '192.168.0.1';
                                                                       QUERY PLAN                                                                        
---------------------------------------------------------------------------------------------------------------------------------------------------------
 Aggregate  (cost=10.01..10.02 rows=1 width=8)
   ->  Custom Scan (ParadeDB Scan) on tbl_inet  (cost=10.00..10.01 rows=1 width=0)
         Table: tbl_inet
         Index: idx_inet
         Segment Count: 1
         Exec Method: NormalScanExecState
         Scores: false
         Tantivy Query: {"with_index":{"query":{"parse_with_field":{"field":"ip","query_string":"192.168.0.1","lenient":null,"conjunction_mode":null}}}}
(8 rows)

